
ROM used:   3688/8192 (45%)
            3788/8192 (46%) including unused fragments

            3.0 Average locations per line
            15.5 Average locations per statement

RAM used:   48/368 (13%) at main() level
            82/368 (22%) worst case

Stack used: 6 worst case (4 in main + 2 for interrupts)
Stack size: 8

Lines Stmts  %   Files
----- ----- ---  -----
  280   175  74  codigoRespirador.c
  768     0   0  ..\..\..\..\..\..\..\Program Files (x86)\PICC\Devices\16f887.h
  177    63  26  lcd.h
----- -----
 1225   238 Total

Page ROM  %  RAM   Vol Diff  Functions:
---- --- --- ---   --- ----  ----------
0     14   0    1             @delay_ms1
0      8   0    0             @const627
 Inline         3   463  4.3  lcd_read_byte
0     11   0    1   134  2.2  lcd_send_nibble
0     57   2    3   317  4.3  lcd_send_byte
0     51   1    2   422  4.7  lcd_init
 Inline         4   186  5.5  lcd_gotoxy
0     55   1    1   272  4.1  lcd_putc
0     27   1    2             @GETCH_BIU_1
0     16   0    0    43  1.1  inttimer1_
0    116   3    1   584  4.4  IntPortB4_7
1   1740  47    1  5487  9.9  MAIN
0     29   1    2             @ITOF
0    202   5   14             @DIVFF
0    321   9   16             @ADDFF
0      9   0    0             @const695
0     86   2    4             @PSTRINGC7_648
0     10   0    0             @const697
0     87   2    5             @PSTRINGCN7_648
0    117   3   13             @MULFF
0     31   1    5             @FTOSD
0     79   2   13             @DIV3232
0    195   5   13             @PRINTF_L32D_648FPFPF
0     89   2    9             @PRINTF_LU_9600_62_63
0    199   5   13             @PRINTF_L32D_9600_62_63FPFPF
0     31   1    4             @SFTOI
0      9   0    0             @const719
0     10   0    0             @const720
0      1   0    1     9  0.7  mostrar_variable
 Inline         0     5  1.0  solo_mostrar_variable
 Inline         0             @cinit1

Program metrics:
    Functions               11
    Statements              238
    Comments                259
    Volume (V)              10436
    Difficulty (D)          41.5
    Effort to implement (E) 433568
    Time to implement (T)   6 hours, 41 minutes
    Est Delivered Bugs (B)  2
    Cyclomatic Complexity   24
    Maintainability (MI)    132

 Segment     Used  Free
-----------  ----  ----
00000-00003     4  0  
00004-00057    84  0  
00058-007FF  1860  100  
00800-00FFF  1740  308  
01000-017FF     0  2048  
01800-01FFF     0  2048  



